<?xml version="1.0" encoding="UTF-8"?>
<!-- Generated by org.testng.reporters.JUnitXMLReporter -->
<testsuite ignored="0" hostname="om-HP-Notebook" failures="1" tests="1" name="Test" time="19.885" errors="0" timestamp="2023-11-18T11:17:36 IST">
  <testcase classname="com.qa.tests.demoTests" name="Login" time="11.166">
    <failure type="java.lang.AssertionError" message="expected [Welcome, Jonn Smith] but found [Welcome, Jon Smith]">
      <![CDATA[java.lang.AssertionError: expected [Welcome, Jonn Smith] but found [Welcome, Jon Smith]
at com.qa.tests.demoTests.Login(demoTests.java:33)
at java.base/java.util.ArrayList.forEach(ArrayList.java:1596)
... Removed 35 stack frames]]>
    </failure>
  </testcase> <!-- Login -->
</testsuite> <!-- Test -->
