<?xml version="1.0" encoding="UTF-8"?>
<testng-results ignored="0" total="2" passed="2" failed="0" skipped="0">
  <reporter-output>
  </reporter-output>
  <suite started-at="2023-11-18T22:15:37 IST" name="Suite" finished-at="2023-11-18T22:16:24 IST" duration-ms="47039">
    <groups>
    </groups>
    <test started-at="2023-11-18T22:15:37 IST" name="Test" finished-at="2023-11-18T22:16:24 IST" duration-ms="47039">
      <class name="com.qa.tests.demoTests">
        <test-method is-config="true" signature="setup()[pri:0, instance:com.qa.tests.demoTests@6d07a63d]" started-at="2023-11-18T22:15:37 IST" name="setup" finished-at="2023-11-18T22:15:48 IST" duration-ms="10611" status="PASS">
          <reporter-output>
          </reporter-output>
        </test-method> <!-- setup -->
        <test-method signature="Login()[pri:1, instance:com.qa.tests.demoTests@6d07a63d]" started-at="2023-11-18T22:15:48 IST" name="Login" description="User should be login." finished-at="2023-11-18T22:16:09 IST" duration-ms="21056" status="PASS">
          <reporter-output>
          </reporter-output>
        </test-method> <!-- Login -->
        <test-method signature="Logout()[pri:2, instance:com.qa.tests.demoTests@6d07a63d]" started-at="2023-11-18T22:16:10 IST" name="Logout" description="Your should be logout." finished-at="2023-11-18T22:16:22 IST" duration-ms="12290" status="PASS">
          <reporter-output>
          </reporter-output>
        </test-method> <!-- Logout -->
        <test-method is-config="true" signature="tearDown()[pri:0, instance:com.qa.tests.demoTests@6d07a63d]" started-at="2023-11-18T22:16:24 IST" name="tearDown" finished-at="2023-11-18T22:16:24 IST" duration-ms="307" status="PASS">
          <reporter-output>
          </reporter-output>
        </test-method> <!-- tearDown -->
      </class> <!-- com.qa.tests.demoTests -->
    </test> <!-- Test -->
  </suite> <!-- Suite -->
</testng-results>
