<?xml version="1.0" encoding="UTF-8"?>
<testng-results ignored="0" total="1" passed="1" failed="0" skipped="0">
  <reporter-output>
  </reporter-output>
  <suite started-at="2023-11-18T18:16:25 IST" name="Default suite" finished-at="2023-11-18T18:16:33 IST" duration-ms="7353">
    <groups>
    </groups>
    <test started-at="2023-11-18T18:16:25 IST" name="Default test" finished-at="2023-11-18T18:16:33 IST" duration-ms="7353">
      <class name="com.qa.tests.demoTests">
        <test-method is-config="true" signature="setup()[pri:0, instance:com.qa.tests.demoTests@7b324585]" started-at="2023-11-18T18:16:25 IST" name="setup" finished-at="2023-11-18T18:16:32 IST" duration-ms="6519" status="PASS">
          <reporter-output>
          </reporter-output>
        </test-method> <!-- setup -->
        <test-method signature="Login()[pri:1, instance:com.qa.tests.demoTests@7b324585]" started-at="2023-11-18T18:16:32 IST" name="Login" finished-at="2023-11-18T18:16:32 IST" duration-ms="15" status="PASS">
          <reporter-output>
          </reporter-output>
        </test-method> <!-- Login -->
        <test-method is-config="true" signature="tearDown()[pri:0, instance:com.qa.tests.demoTests@7b324585]" started-at="2023-11-18T18:16:32 IST" name="tearDown" finished-at="2023-11-18T18:16:33 IST" duration-ms="233" status="PASS">
          <reporter-output>
          </reporter-output>
        </test-method> <!-- tearDown -->
      </class> <!-- com.qa.tests.demoTests -->
    </test> <!-- Default test -->
  </suite> <!-- Default suite -->
</testng-results>
